[0.056s] Invoking command in '/home/developer/new_ros2_ws/build/mtc_tutorial': CMAKE_PREFIX_PATH=${CMAKE_PREFIX_PATH}:/home/developer/ws_moveit2/install/moveit_resources_pr2_description:/home/developer/ws_moveit2/install/moveit_resources_panda_moveit_config:/home/developer/ws_moveit2/install/moveit_resources_fanuc_moveit_config:/home/developer/ws_moveit2/install/moveit_configs_utils:/home/developer/ws_moveit2/install/moveit_common:/home/developer/ros2_ws/install/rqt_joint_trajectory_controller:/home/developer/ros2_ws/install/rqt_controller_manager:/home/developer/ros2_ws/install/ros2controlcli:/home/developer/ros2_ws/install/ros2_controllers_test_nodes:/opt/ros/humble /usr/bin/cmake --build /home/developer/new_ros2_ws/build/mtc_tutorial -- -j16 -l16
[0.317s] [ 75%] [32mBuilding CXX object CMakeFiles/novi_mtc_node.dir/src/novi_mtc_node.cpp.o[0m
[0.317s] [ 75%] Built target mtc_node
[9.995s] [01m[K/home/developer/new_ros2_ws/src/mtc_tutorial/src/novi_mtc_node.cpp:[m[K In function â€˜[01m[Kint main(int, char**)[m[Kâ€™:
[9.996s] [01m[K/home/developer/new_ros2_ws/src/mtc_tutorial/src/novi_mtc_node.cpp:380:51:[m[K [01;31m[Kerror: [m[Kâ€˜[01m[Krclcpp::Node::SharedPtr MTCTaskNode::node_[m[Kâ€™ is private within this context
[9.996s]   380 |     waitForObjectInScene("object", mtc_task_node->[01;31m[Knode_[m[K); // <-- Dodaj ovu liniju
[9.996s]       |                                                   [01;31m[K^~~~~[m[K
[9.996s] [01m[K/home/developer/new_ros2_ws/src/mtc_tutorial/src/novi_mtc_node.cpp:38:29:[m[K [01;36m[Knote: [m[Kdeclared private here
[9.996s]    38 |     rclcpp::Node::SharedPtr [01;36m[Knode_[m[K;
[9.996s]       |                             [01;36m[K^~~~~[m[K
[14.964s] gmake[2]: *** [CMakeFiles/novi_mtc_node.dir/build.make:76: CMakeFiles/novi_mtc_node.dir/src/novi_mtc_node.cpp.o] Error 1
[14.964s] gmake[1]: *** [CMakeFiles/Makefile2:165: CMakeFiles/novi_mtc_node.dir/all] Error 2
[14.965s] gmake: *** [Makefile:146: all] Error 2
[14.969s] Invoked command in '/home/developer/new_ros2_ws/build/mtc_tutorial' returned '2': CMAKE_PREFIX_PATH=${CMAKE_PREFIX_PATH}:/home/developer/ws_moveit2/install/moveit_resources_pr2_description:/home/developer/ws_moveit2/install/moveit_resources_panda_moveit_config:/home/developer/ws_moveit2/install/moveit_resources_fanuc_moveit_config:/home/developer/ws_moveit2/install/moveit_configs_utils:/home/developer/ws_moveit2/install/moveit_common:/home/developer/ros2_ws/install/rqt_joint_trajectory_controller:/home/developer/ros2_ws/install/rqt_controller_manager:/home/developer/ros2_ws/install/ros2controlcli:/home/developer/ros2_ws/install/ros2_controllers_test_nodes:/opt/ros/humble /usr/bin/cmake --build /home/developer/new_ros2_ws/build/mtc_tutorial -- -j16 -l16
