[0.047s] Invoking command in '/home/developer/new_ros2_ws/build/mtc_tutorial': CMAKE_PREFIX_PATH=${CMAKE_PREFIX_PATH}:/home/developer/ws_moveit2/install/moveit_resources_pr2_description:/home/developer/ws_moveit2/install/moveit_resources_panda_moveit_config:/home/developer/ws_moveit2/install/moveit_resources_fanuc_moveit_config:/home/developer/ws_moveit2/install/moveit_configs_utils:/home/developer/ws_moveit2/install/moveit_common:/home/developer/ros2_ws/install/rqt_joint_trajectory_controller:/home/developer/ros2_ws/install/rqt_controller_manager:/home/developer/ros2_ws/install/ros2controlcli:/home/developer/ros2_ws/install/ros2_controllers_test_nodes:/opt/ros/humble /usr/bin/cmake --build /home/developer/new_ros2_ws/build/mtc_tutorial -- -j16 -l16
[0.247s] [35m[1mConsolidate compiler generated dependencies of target novi_mtc_node[0m
[0.305s] [ 25%] [32mBuilding CXX object CMakeFiles/mtc_node.dir/src/mtc_node.cpp.o[0m
[0.314s] [ 50%] [32mBuilding CXX object CMakeFiles/novi_mtc_node.dir/src/novi_mtc_node.cpp.o[0m
[0.337s] [01m[K/home/developer/new_ros2_ws/src/mtc_tutorial/src/novi_mtc_node.cpp:1:10:[m[K [01;31m[Kfatal error: [m[Krclcpp / rclcpp.hpp: No such file or directory
[0.337s]     1 | #include [01;31m[K<rclcpp / rclcpp.hpp>[m[K
[0.337s]       |          [01;31m[K^~~~~~~~~~~~~~~~~~~~~[m[K
[0.337s] compilation terminated.
[0.338s] gmake[2]: *** [CMakeFiles/novi_mtc_node.dir/build.make:76: CMakeFiles/novi_mtc_node.dir/src/novi_mtc_node.cpp.o] Error 1
[0.338s] gmake[1]: *** [CMakeFiles/Makefile2:165: CMakeFiles/novi_mtc_node.dir/all] Error 2
[0.338s] gmake[1]: *** Waiting for unfinished jobs....
[11.712s] [ 75%] [32m[1mLinking CXX executable mtc_node[0m
[12.174s] [ 75%] Built target mtc_node
[12.175s] gmake: *** [Makefile:146: all] Error 2
[12.177s] Invoked command in '/home/developer/new_ros2_ws/build/mtc_tutorial' returned '2': CMAKE_PREFIX_PATH=${CMAKE_PREFIX_PATH}:/home/developer/ws_moveit2/install/moveit_resources_pr2_description:/home/developer/ws_moveit2/install/moveit_resources_panda_moveit_config:/home/developer/ws_moveit2/install/moveit_resources_fanuc_moveit_config:/home/developer/ws_moveit2/install/moveit_configs_utils:/home/developer/ws_moveit2/install/moveit_common:/home/developer/ros2_ws/install/rqt_joint_trajectory_controller:/home/developer/ros2_ws/install/rqt_controller_manager:/home/developer/ros2_ws/install/ros2controlcli:/home/developer/ros2_ws/install/ros2_controllers_test_nodes:/opt/ros/humble /usr/bin/cmake --build /home/developer/new_ros2_ws/build/mtc_tutorial -- -j16 -l16
